0 info it worked if it ends with ok
1 verbose cli [ '/usr/local/bin/node', '/usr/local/bin/npm', 'start' ]
2 info using npm@4.1.1
3 info using node@v6.2.1
4 verbose run-script [ 'prestart', 'start', 'poststart' ]
5 info lifecycle mindscape.io@0.0.0~prestart: mindscape.io@0.0.0
6 silly lifecycle mindscape.io@0.0.0~prestart: no script for prestart, continuing
7 info lifecycle mindscape.io@0.0.0~start: mindscape.io@0.0.0
8 verbose lifecycle mindscape.io@0.0.0~start: unsafe-perm in lifecycle true
9 verbose lifecycle mindscape.io@0.0.0~start: PATH: /usr/local/lib/node_modules/npm/bin/node-gyp-bin:/Users/peterwei/mindscape.io/node_modules/.bin:/Library/Frameworks/Python.framework/Versions/3.5/bin:/Library/Frameworks/Python.framework/Versions/2.7/bin:/Library/Frameworks/Python.framework/Versions/3.5/bin:/Users/peterwei/anaconda/bin:/opt/local/bin:/opt/local/sbin:/Users/peterwei/anaconda/bin:/usr/bin:/bin:/usr/sbin:/sbin:/usr/local/bin:/opt/X11/bin:/usr/local/git/bin:/usr/texbin
10 verbose lifecycle mindscape.io@0.0.0~start: CWD: /Users/peterwei/mindscape.io
11 silly lifecycle mindscape.io@0.0.0~start: Args: [ '-c', 'webpack && node server.js' ]
12 silly lifecycle mindscape.io@0.0.0~start: Returned: code: 2  signal: null
13 info lifecycle mindscape.io@0.0.0~start: Failed to exec start script
14 verbose stack Error: mindscape.io@0.0.0 start: `webpack && node server.js`
14 verbose stack Exit status 2
14 verbose stack     at EventEmitter.<anonymous> (/usr/local/lib/node_modules/npm/lib/utils/lifecycle.js:279:16)
14 verbose stack     at emitTwo (events.js:106:13)
14 verbose stack     at EventEmitter.emit (events.js:191:7)
14 verbose stack     at ChildProcess.<anonymous> (/usr/local/lib/node_modules/npm/lib/utils/spawn.js:40:14)
14 verbose stack     at emitTwo (events.js:106:13)
14 verbose stack     at ChildProcess.emit (events.js:191:7)
14 verbose stack     at maybeClose (internal/child_process.js:852:16)
14 verbose stack     at Process.ChildProcess._handle.onexit (internal/child_process.js:215:5)
15 verbose pkgid mindscape.io@0.0.0
16 verbose cwd /Users/peterwei/mindscape.io/services
17 error Darwin 15.2.0
18 error argv "/usr/local/bin/node" "/usr/local/bin/npm" "start"
19 error node v6.2.1
20 error npm  v4.1.1
21 error code ELIFECYCLE
22 error mindscape.io@0.0.0 start: `webpack && node server.js`
22 error Exit status 2
23 error Failed at the mindscape.io@0.0.0 start script 'webpack && node server.js'.
23 error Make sure you have the latest version of node.js and npm installed.
23 error If you do, this is most likely a problem with the mindscape.io package,
23 error not with npm itself.
23 error Tell the author that this fails on your system:
23 error     webpack && node server.js
23 error You can get information on how to open an issue for this project with:
23 error     npm bugs mindscape.io
23 error Or if that isn't available, you can get their info via:
23 error     npm owner ls mindscape.io
23 error There is likely additional logging output above.
24 verbose exit [ 1, true ]
